********************************************************************************
DUPLICATOR-LITE PACKAGE-LOG: 02.10.2022 12:43
NOTICE: Do NOT post to public sites or forums 
********************************************************************************
VERSION:	1.5.0
WORDPRESS:	6.0.2
PHP INFO:	7.4.29 | SAPI: apache2handler
SERVER:		Apache 
PHP TIME LIMIT: (0) no time limit imposed 
PHP MAX MEMORY: 4294967296 (1536M default) 
MEMORY STACK: 14MB

********************************************************************************
DATABASE:
********************************************************************************
BUILD MODE:   MYSQLDUMP
MYSQLTIMEOUT: 5000
MYSQLDUMP:    Is Supported
SQL CREATED: 20221002_spacex_874143aabd2e70a88837_20221002124350_database.sql
SQL FILE SIZE: 1.05MB (1104261)
SQL FILE TIME: 2022-10-02 12:44:01
SQL RUNTIME: 1.94 sec.

********************************************************************************
ARCHIVE (ZIP):
********************************************************************************
ARCHIVE DIR:  D:/OpenServer/domains/spaceX
ARCHIVE FILE: 20221002_spacex_874143aabd2e70a88837_20221002124350_archive.zip
FILTERS: *OFF*
DIRS:
	not set
FILES:
	not set
EXTS:  not set
----------------------------------------
COMPRESSING
SIZE:	96.54MB
STATS:	Dirs 588 | Files 4,398
SQL ADDED: 20221002_spacex_874143aabd2e70a88837_20221002124350_database.sql
ZipArchive Object
(
    [status] => 0
    [statusSys] => 0
    [numFiles] => 4986
    [filename] => D:\OpenServer\domains\spaceX\wp-content\backups-dup-lite\tmp\20221002_spacex_874143aabd2e70a88837_20221002124350_archive.zip
    [comment] => 
)

FILE ADDED TO ZIP: 4985
COMPRESSION RESULT: '1'
COMPRESSED SIZE: 36.59MB
ARCHIVE RUNTIME: 10.09 sec.
MEMORY STACK: 16MB
building installer
ARCHIVE CONSISTENCY TEST: PASS

********************************************************************************
INTEGRITY CHECKS:
********************************************************************************
SQL FILE: 1.05MB
INSTALLER FILE: 73.35KB
ARCHIVE FILE: 38.41MB 
EXPECTED FILE/DIRECTORY COUNT: 4,986
ACTUAL FILE/DIRECTORY COUNT: 4,985
ТЕСТ ЛОГИКИ АРХИВА: Пройден

********************************************************************************
RECORD ID:[1]
TOTAL PROCESS RUNTIME: 14.28 sec.
PEAK PHP MEMORY USED: 16MB
DONE PROCESSING => 20221002_spacex 02.10.2022 12:44

